<?xml version="1.0" encoding="UTF-8"?>
<!-- Generated by org.testng.reporters.JUnitXMLReporter -->
<testsuite ignored="0" hostname="DESKTOP-UUGSSKP" failures="1" tests="7" name="Home Page Test" time="12.145" errors="0" timestamp="2020-10-13T07:23:26 EDT">
  <testcase classname="test.AppiumFramework.HomeTest" name="pageTitle" time="3.477"/>
  <testcase classname="test.AppiumFramework.HomeTest" name="dropdownLabel" time="0.222">
    <failure type="java.lang.AssertionError" message="The following asserts failed:
	expected [false] but found [true]">
      <![CDATA[java.lang.AssertionError: The following asserts failed:
expected [false] but found [true]
at test.AppiumFramework.HomeTest.dropdownLabel(HomeTest.java:42)
at java.base/java.util.ArrayList.forEach(ArrayList.java:1507)
... Removed 29 stack frames]]>
    </failure>
  </testcase> <!-- dropdownLabel -->
  <testcase classname="test.AppiumFramework.HomeTest" name="selectCountry" time="1.728"/>
  <testcase classname="test.AppiumFramework.HomeTest" name="nameField" time="1.296"/>
  <testcase classname="test.AppiumFramework.HomeTest" name="genderSelect" time="0.26"/>
  <testcase classname="test.AppiumFramework.HomeTest" name="toastMsg" time="1.787"/>
  <testcase classname="test.AppiumFramework.HomeTest" name="login" time="2.622"/>
</testsuite> <!-- Home Page Test -->
