<?xml version="1.0" encoding="UTF-8"?>
<!-- Generated by org.testng.reporters.JUnitXMLReporter -->
<testsuite ignored="0" hostname="DESKTOP-UUGSSKP" failures="0" tests="6" name="Cart Page Test" time="0.009" errors="0" timestamp="2020-10-13T21:53:33 EDT">
  <testcase classname="test.AppiumFramework.HomeTest" name="@BeforeSuite setUp" time="120.106">
    <failure type="io.appium.java_client.service.local.AppiumServerHasNotBeenStartedLocallyException" message="The local appium server has not been started. The given Node.js executable: C:\Program Files\nodejs\node.exe Arguments: [C:\Users\Basement\AppData\Roaming\npm\node_modules\appium\lib\main.js, --port, 4723, --address, 0.0.0.0, --chromedriver-executable, C:\Selenium\ChromeDriver\v69\chromedriver.exe] 
">
      <![CDATA[io.appium.java_client.service.local.AppiumServerHasNotBeenStartedLocallyException: The local appium server has not been started. The given Node.js executable: C:\Program Files\nodejs\node.exe Arguments: [C:\Users\Basement\AppData\Roaming\npm\node_modules\appium\lib\main.js, --port, 4723, --address, 0.0.0.0, --chromedriver-executable, C:\Selenium\ChromeDriver\v69\chromedriver.exe] 

at io.appium.java_client.service.local.AppiumDriverLocalService.start(AppiumDriverLocalService.java:164)
at test.AppiumFramework.AppTest.startServer(AppTest.java:68)
at test.AppiumFramework.HomeTest.setUp(HomeTest.java:20)
Caused by: org.openqa.selenium.net.UrlChecker$TimeoutException: Timed out waiting for [http://127.0.0.1:4723/wd/hub/status] to be available after 120003 ms
at org.openqa.selenium.net.UrlChecker.waitUntilAvailable(UrlChecker.java:100)
at io.appium.java_client.service.local.AppiumDriverLocalService.ping(AppiumDriverLocalService.java:129)
at io.appium.java_client.service.local.AppiumDriverLocalService.start(AppiumDriverLocalService.java:151)
... 25 more
Caused by: java.util.concurrent.TimeoutException
at java.base/java.util.concurrent.FutureTask.get(FutureTask.java:204)
at com.google.common.util.concurrent.SimpleTimeLimiter.callWithTimeout(SimpleTimeLimiter.java:156)
at org.openqa.selenium.net.UrlChecker.waitUntilAvailable(UrlChecker.java:75)
... 27 more
... Removed 23 stack frames]]>
    </failure>
  </testcase> <!-- @BeforeSuite setUp -->
  <testcase classname="test.AppiumFramework.CartTest" name="@BeforeClass initMethod" time="-1.602640413887E9">
    <skipped/>
  </testcase> <!-- @BeforeClass initMethod -->
  <testcase classname="test.AppiumFramework.CartTest" name="cartPage" time="0.0">
    <skipped/>
  </testcase> <!-- cartPage -->
  <testcase classname="test.AppiumFramework.CartTest" name="validateCartItems" time="0.0">
    <skipped/>
  </testcase> <!-- validateCartItems -->
  <testcase classname="test.AppiumFramework.CartTest" name="validateCartTotal" time="0.0">
    <skipped/>
  </testcase> <!-- validateCartTotal -->
  <testcase classname="test.AppiumFramework.CartTest" name="validateChkBox" time="0.0">
    <skipped/>
  </testcase> <!-- validateChkBox -->
  <testcase classname="test.AppiumFramework.CartTest" name="validateTC" time="0.0">
    <skipped/>
  </testcase> <!-- validateTC -->
  <testcase classname="test.AppiumFramework.CartTest" name="validatePurchaseBtn" time="0.0">
    <skipped/>
  </testcase> <!-- validatePurchaseBtn -->
</testsuite> <!-- Cart Page Test -->
