<?xml version="1.0" encoding="UTF-8"?>
<!-- Generated by org.testng.reporters.JUnitXMLReporter -->
<testsuite ignored="0" hostname="DESKTOP-UUGSSKP" failures="0" tests="2" name="Hybrid App Test" time="0.007" errors="0" timestamp="2020-10-13T20:29:31 EDT">
  <testcase classname="test.AppiumFramework.HomeTest" name="@BeforeSuite setUp" time="120.133">
    <failure type="io.appium.java_client.service.local.AppiumServerHasNotBeenStartedLocallyException" message="The local appium server has not been started. The given Node.js executable: C:\Program Files\nodejs\node.exe Arguments: [C:\Users\Basement\AppData\Roaming\npm\node_modules\appium\build\lib\main.js, --port, 4723, --address, 0.0.0.0, --chromedriver-executable, C:\Selenium\ChromeDriver\v69\chromedriver.exe] 
">
      <![CDATA[io.appium.java_client.service.local.AppiumServerHasNotBeenStartedLocallyException: The local appium server has not been started. The given Node.js executable: C:\Program Files\nodejs\node.exe Arguments: [C:\Users\Basement\AppData\Roaming\npm\node_modules\appium\build\lib\main.js, --port, 4723, --address, 0.0.0.0, --chromedriver-executable, C:\Selenium\ChromeDriver\v69\chromedriver.exe] 

at io.appium.java_client.service.local.AppiumDriverLocalService.start(AppiumDriverLocalService.java:164)
at test.AppiumFramework.AppTest.startServer(AppTest.java:67)
at test.AppiumFramework.HomeTest.setUp(HomeTest.java:20)
Caused by: org.openqa.selenium.net.UrlChecker$TimeoutException: Timed out waiting for [http://127.0.0.1:4723/wd/hub/status] to be available after 120004 ms
at org.openqa.selenium.net.UrlChecker.waitUntilAvailable(UrlChecker.java:100)
at io.appium.java_client.service.local.AppiumDriverLocalService.ping(AppiumDriverLocalService.java:129)
at io.appium.java_client.service.local.AppiumDriverLocalService.start(AppiumDriverLocalService.java:151)
... 25 more
Caused by: java.util.concurrent.TimeoutException
at java.base/java.util.concurrent.FutureTask.get(FutureTask.java:204)
at com.google.common.util.concurrent.SimpleTimeLimiter.callWithTimeout(SimpleTimeLimiter.java:156)
at org.openqa.selenium.net.UrlChecker.waitUntilAvailable(UrlChecker.java:75)
... 27 more
... Removed 23 stack frames]]>
    </failure>
  </testcase> <!-- @BeforeSuite setUp -->
  <testcase classname="test.AppiumFramework.HybridTest" name="webView" time="0.0">
    <skipped/>
  </testcase> <!-- webView -->
  <testcase classname="test.AppiumFramework.HybridTest" name="nativeAppView" time="0.0">
    <skipped/>
  </testcase> <!-- nativeAppView -->
</testsuite> <!-- Hybrid App Test -->
