<?xml version="1.0" encoding="UTF-8"?>
<!-- Generated by org.testng.reporters.JUnitXMLReporter -->
<testsuite ignored="0" hostname="DESKTOP-UUGSSKP" failures="1" tests="4" name="Products Page Test" time="9.483" errors="0" timestamp="2020-10-13T20:45:24 EDT">
  <testcase classname="test.AppiumFramework.ProductsTest" name="productsPage" time="0.326"/>
  <testcase classname="test.AppiumFramework.ProductsTest" name="toastMsg" time="0.651">
    <failure type="java.lang.AssertionError" message="The following asserts failed:
	expected [cheers!] but found [Please add some product at first]">
      <![CDATA[java.lang.AssertionError: The following asserts failed:
expected [cheers!] but found [Please add some product at first]
at test.AppiumFramework.ProductsTest.toastMsg(ProductsTest.java:56)
at java.base/java.util.ArrayList.forEach(ArrayList.java:1507)
... Removed 33 stack frames]]>
    </failure>
  </testcase> <!-- toastMsg -->
  <testcase classname="test.AppiumFramework.ProductsTest" name="locateItems" time="5.995"/>
  <testcase classname="test.AppiumFramework.ProductsTest" name="gotoCart" time="2.045"/>
</testsuite> <!-- Products Page Test -->
