<?xml version="1.0" encoding="UTF-8"?>
<testng-results ignored="0" total="22" passed="20" failed="2" skipped="0">
  <reporter-output>
  </reporter-output>
  <suite started-at="2020-10-19T04:26:31 EDT" name="Suite" finished-at="2020-10-19T04:27:58 EDT" duration-ms="86832">
    <groups>
    </groups>
    <test started-at="2020-10-19T04:26:31 EDT" name="Home Page Test" finished-at="2020-10-19T04:26:43 EDT" duration-ms="11787">
      <class name="test.AppiumFramework.HomeTest">
        <test-method is-config="true" signature="initMethod()[pri:0, instance:test.AppiumFramework.HomeTest@7a35b0f5]" started-at="2020-10-19T04:26:31 EDT" name="initMethod" finished-at="2020-10-19T04:26:31 EDT" duration-ms="146" status="PASS">
          <reporter-output>
          </reporter-output>
        </test-method> <!-- initMethod -->
        <test-method signature="pageTitle(java.lang.String)[pri:1, instance:test.AppiumFramework.HomeTest@7a35b0f5]" started-at="2020-10-19T04:26:31 EDT" name="pageTitle" finished-at="2020-10-19T04:26:35 EDT" duration-ms="3819" status="PASS">
          <params>
            <param index="0">
              <value>
                <![CDATA[General Store]]>
              </value>
            </param>
          </params>
          <reporter-output>
          </reporter-output>
        </test-method> <!-- pageTitle -->
        <test-method signature="dropdownLabel()[pri:2, instance:test.AppiumFramework.HomeTest@7a35b0f5]" started-at="2020-10-19T04:26:35 EDT" name="dropdownLabel" finished-at="2020-10-19T04:26:35 EDT" duration-ms="234" status="FAIL">
          <exception class="java.lang.AssertionError">
            <message>
              <![CDATA[The following asserts failed:
expected [false] but found [true]]]>
            </message>
            <full-stacktrace>
              <![CDATA[java.lang.AssertionError: The following asserts failed:
expected [false] but found [true]
at org.testng.asserts.SoftAssert.assertAll(SoftAssert.java:47)
at org.testng.asserts.SoftAssert.assertAll(SoftAssert.java:31)
at test.AppiumFramework.HomeTest.dropdownLabel(HomeTest.java:41)
at java.base/jdk.internal.reflect.NativeMethodAccessorImpl.invoke0(Native Method)
at java.base/jdk.internal.reflect.NativeMethodAccessorImpl.invoke(NativeMethodAccessorImpl.java:62)
at java.base/jdk.internal.reflect.DelegatingMethodAccessorImpl.invoke(DelegatingMethodAccessorImpl.java:43)
at java.base/java.lang.reflect.Method.invoke(Method.java:567)
at org.testng.internal.MethodInvocationHelper.invokeMethod(MethodInvocationHelper.java:132)
at org.testng.internal.TestInvoker.invokeMethod(TestInvoker.java:599)
at org.testng.internal.TestInvoker.invokeTestMethod(TestInvoker.java:174)
at org.testng.internal.MethodRunner.runInSequence(MethodRunner.java:46)
at org.testng.internal.TestInvoker$MethodInvocationAgent.invoke(TestInvoker.java:822)
at org.testng.internal.TestInvoker.invokeTestMethods(TestInvoker.java:147)
at org.testng.internal.TestMethodWorker.invokeTestMethods(TestMethodWorker.java:146)
at org.testng.internal.TestMethodWorker.run(TestMethodWorker.java:128)
at java.base/java.util.ArrayList.forEach(ArrayList.java:1507)
at org.testng.TestRunner.privateRun(TestRunner.java:764)
at org.testng.TestRunner.run(TestRunner.java:585)
at org.testng.SuiteRunner.runTest(SuiteRunner.java:384)
at org.testng.SuiteRunner.runSequentially(SuiteRunner.java:378)
at org.testng.SuiteRunner.privateRun(SuiteRunner.java:337)
at org.testng.SuiteRunner.run(SuiteRunner.java:286)
at org.testng.SuiteRunnerWorker.runSuite(SuiteRunnerWorker.java:53)
at org.testng.SuiteRunnerWorker.run(SuiteRunnerWorker.java:96)
at org.testng.TestNG.runSuitesSequentially(TestNG.java:1218)
at org.testng.TestNG.runSuitesLocally(TestNG.java:1140)
at org.testng.TestNG.runSuites(TestNG.java:1069)
at org.testng.TestNG.run(TestNG.java:1037)
at org.testng.remote.AbstractRemoteTestNG.run(AbstractRemoteTestNG.java:115)
at org.testng.remote.RemoteTestNG.initAndRun(RemoteTestNG.java:251)
at org.testng.remote.RemoteTestNG.main(RemoteTestNG.java:77)
]]>
            </full-stacktrace>
          </exception> <!-- java.lang.AssertionError -->
          <reporter-output>
          </reporter-output>
        </test-method> <!-- dropdownLabel -->
        <test-method signature="selectCountry(java.lang.String)[pri:3, instance:test.AppiumFramework.HomeTest@7a35b0f5]" started-at="2020-10-19T04:26:36 EDT" name="selectCountry" finished-at="2020-10-19T04:26:38 EDT" duration-ms="1854" status="PASS">
          <params>
            <param index="0">
              <value>
                <![CDATA[Algeria]]>
              </value>
            </param>
          </params>
          <reporter-output>
          </reporter-output>
        </test-method> <!-- selectCountry -->
        <test-method signature="nameField(java.lang.String, java.lang.String)[pri:4, instance:test.AppiumFramework.HomeTest@7a35b0f5]" started-at="2020-10-19T04:26:38 EDT" name="nameField" finished-at="2020-10-19T04:26:39 EDT" duration-ms="789" status="PASS">
          <params>
            <param index="0">
              <value>
                <![CDATA[Enter name here]]>
              </value>
            </param>
            <param index="1">
              <value>
                <![CDATA[Joe]]>
              </value>
            </param>
          </params>
          <reporter-output>
          </reporter-output>
        </test-method> <!-- nameField -->
        <test-method signature="genderSelect()[pri:5, instance:test.AppiumFramework.HomeTest@7a35b0f5]" started-at="2020-10-19T04:26:39 EDT" name="genderSelect" finished-at="2020-10-19T04:26:39 EDT" duration-ms="244" status="PASS">
          <reporter-output>
          </reporter-output>
        </test-method> <!-- genderSelect -->
        <test-method signature="toastMsg(java.lang.String)[pri:6, instance:test.AppiumFramework.HomeTest@7a35b0f5]" started-at="2020-10-19T04:26:39 EDT" name="toastMsg" finished-at="2020-10-19T04:26:40 EDT" duration-ms="1283" status="PASS">
          <params>
            <param index="0">
              <value>
                <![CDATA[Please enter your name]]>
              </value>
            </param>
          </params>
          <reporter-output>
          </reporter-output>
        </test-method> <!-- toastMsg -->
        <test-method signature="login(java.lang.String)[pri:7, instance:test.AppiumFramework.HomeTest@7a35b0f5]" started-at="2020-10-19T04:26:40 EDT" name="login" finished-at="2020-10-19T04:26:43 EDT" duration-ms="2636" status="PASS">
          <params>
            <param index="0">
              <value>
                <![CDATA[Let's  Shop]]>
              </value>
            </param>
          </params>
          <reporter-output>
          </reporter-output>
        </test-method> <!-- login -->
      </class> <!-- test.AppiumFramework.HomeTest -->
    </test> <!-- Home Page Test -->
    <test started-at="2020-10-19T04:26:43 EDT" name="Products Page Test" finished-at="2020-10-19T04:26:53 EDT" duration-ms="9420">
      <class name="test.AppiumFramework.ProductsTest">
        <test-method is-config="true" signature="initMethod()[pri:0, instance:test.AppiumFramework.ProductsTest@43df23d3]" started-at="2020-10-19T04:26:43 EDT" name="initMethod" finished-at="2020-10-19T04:26:43 EDT" duration-ms="18" status="PASS">
          <reporter-output>
          </reporter-output>
        </test-method> <!-- initMethod -->
        <test-method signature="productsPage(java.lang.String)[pri:1, instance:test.AppiumFramework.ProductsTest@43df23d3]" started-at="2020-10-19T04:26:43 EDT" name="productsPage" finished-at="2020-10-19T04:26:44 EDT" duration-ms="306" status="PASS">
          <params>
            <param index="0">
              <value>
                <![CDATA[Products]]>
              </value>
            </param>
          </params>
          <reporter-output>
          </reporter-output>
        </test-method> <!-- productsPage -->
        <test-method signature="toastMsg(java.lang.String)[pri:2, instance:test.AppiumFramework.ProductsTest@43df23d3]" started-at="2020-10-19T04:26:44 EDT" name="toastMsg" finished-at="2020-10-19T04:26:44 EDT" duration-ms="662" status="FAIL">
          <params>
            <param index="0">
              <value>
                <![CDATA[Please add some product at first]]>
              </value>
            </param>
          </params>
          <exception class="java.lang.AssertionError">
            <message>
              <![CDATA[The following asserts failed:
expected [cheers!] but found [Please add some product at first]]]>
            </message>
            <full-stacktrace>
              <![CDATA[java.lang.AssertionError: The following asserts failed:
expected [cheers!] but found [Please add some product at first]
at org.testng.asserts.SoftAssert.assertAll(SoftAssert.java:47)
at org.testng.asserts.SoftAssert.assertAll(SoftAssert.java:31)
at test.AppiumFramework.ProductsTest.toastMsg(ProductsTest.java:56)
at java.base/jdk.internal.reflect.NativeMethodAccessorImpl.invoke0(Native Method)
at java.base/jdk.internal.reflect.NativeMethodAccessorImpl.invoke(NativeMethodAccessorImpl.java:62)
at java.base/jdk.internal.reflect.DelegatingMethodAccessorImpl.invoke(DelegatingMethodAccessorImpl.java:43)
at java.base/java.lang.reflect.Method.invoke(Method.java:567)
at org.testng.internal.MethodInvocationHelper.invokeMethod(MethodInvocationHelper.java:132)
at org.testng.internal.TestInvoker.invokeMethod(TestInvoker.java:599)
at org.testng.internal.TestInvoker.invokeTestMethod(TestInvoker.java:174)
at org.testng.internal.MethodRunner.runInSequence(MethodRunner.java:46)
at org.testng.internal.TestInvoker$MethodInvocationAgent.invoke(TestInvoker.java:822)
at org.testng.internal.TestInvoker.invokeTestMethods(TestInvoker.java:147)
at org.testng.internal.TestMethodWorker.invokeTestMethods(TestMethodWorker.java:146)
at org.testng.internal.TestMethodWorker.run(TestMethodWorker.java:128)
at java.base/java.util.ArrayList.forEach(ArrayList.java:1507)
at org.testng.TestRunner.privateRun(TestRunner.java:764)
at org.testng.TestRunner.run(TestRunner.java:585)
at org.testng.SuiteRunner.runTest(SuiteRunner.java:384)
at org.testng.SuiteRunner.runSequentially(SuiteRunner.java:378)
at org.testng.SuiteRunner.privateRun(SuiteRunner.java:337)
at org.testng.SuiteRunner.run(SuiteRunner.java:286)
at org.testng.SuiteRunnerWorker.runSuite(SuiteRunnerWorker.java:53)
at org.testng.SuiteRunnerWorker.run(SuiteRunnerWorker.java:96)
at org.testng.TestNG.runSuitesSequentially(TestNG.java:1218)
at org.testng.TestNG.runSuitesLocally(TestNG.java:1140)
at org.testng.TestNG.runSuites(TestNG.java:1069)
at org.testng.TestNG.run(TestNG.java:1037)
at org.testng.remote.AbstractRemoteTestNG.run(AbstractRemoteTestNG.java:115)
at org.testng.remote.RemoteTestNG.initAndRun(RemoteTestNG.java:251)
at org.testng.remote.RemoteTestNG.main(RemoteTestNG.java:77)
]]>
            </full-stacktrace>
          </exception> <!-- java.lang.AssertionError -->
          <reporter-output>
          </reporter-output>
        </test-method> <!-- toastMsg -->
        <test-method signature="locateItems(java.lang.String, java.lang.String)[pri:3, instance:test.AppiumFramework.ProductsTest@43df23d3]" started-at="2020-10-19T04:26:45 EDT" name="locateItems" finished-at="2020-10-19T04:26:51 EDT" duration-ms="5943" status="PASS">
          <params>
            <param index="0">
              <value>
                <![CDATA[android.widget.TextView]]>
              </value>
            </param>
            <param index="1">
              <value>
                <![CDATA[ADDED TO CART]]>
              </value>
            </param>
          </params>
          <reporter-output>
          </reporter-output>
        </test-method> <!-- locateItems -->
        <test-method signature="gotoCart()[pri:4, instance:test.AppiumFramework.ProductsTest@43df23d3]" started-at="2020-10-19T04:26:51 EDT" name="gotoCart" finished-at="2020-10-19T04:26:53 EDT" duration-ms="2045" status="PASS">
          <reporter-output>
          </reporter-output>
        </test-method> <!-- gotoCart -->
        <test-method is-config="true" signature="convertFromPriceList()[pri:0, instance:test.AppiumFramework.ProductsTest@43df23d3]" started-at="2020-10-19T04:26:53 EDT" name="convertFromPriceList" finished-at="2020-10-19T04:26:53 EDT" duration-ms="0" status="PASS">
          <reporter-output>
          </reporter-output>
        </test-method> <!-- convertFromPriceList -->
      </class> <!-- test.AppiumFramework.ProductsTest -->
    </test> <!-- Products Page Test -->
    <test started-at="2020-10-19T04:26:53 EDT" name="Cart Page Test" finished-at="2020-10-19T04:27:00 EDT" duration-ms="7259">
      <class name="test.AppiumFramework.CartTest">
        <test-method is-config="true" signature="initMethod()[pri:0, instance:test.AppiumFramework.CartTest@1040be71]" started-at="2020-10-19T04:26:53 EDT" name="initMethod" finished-at="2020-10-19T04:26:53 EDT" duration-ms="1" status="PASS">
          <reporter-output>
          </reporter-output>
        </test-method> <!-- initMethod -->
        <test-method signature="cartPage(java.lang.String)[pri:1, instance:test.AppiumFramework.CartTest@1040be71]" started-at="2020-10-19T04:26:53 EDT" name="cartPage" finished-at="2020-10-19T04:26:53 EDT" duration-ms="130" status="PASS">
          <params>
            <param index="0">
              <value>
                <![CDATA[Cart]]>
              </value>
            </param>
          </params>
          <reporter-output>
          </reporter-output>
        </test-method> <!-- cartPage -->
        <test-method signature="validateCartItems(java.lang.String)[pri:2, instance:test.AppiumFramework.CartTest@1040be71]" started-at="2020-10-19T04:26:53 EDT" name="validateCartItems" finished-at="2020-10-19T04:26:53 EDT" duration-ms="132" status="PASS">
          <params>
            <param index="0">
              <value>
                <![CDATA[Not Found]]>
              </value>
            </param>
          </params>
          <reporter-output>
          </reporter-output>
        </test-method> <!-- validateCartItems -->
        <test-method signature="validateCartTotal()[pri:3, instance:test.AppiumFramework.CartTest@1040be71]" started-at="2020-10-19T04:26:53 EDT" name="validateCartTotal" finished-at="2020-10-19T04:26:53 EDT" duration-ms="36" status="PASS">
          <reporter-output>
          </reporter-output>
        </test-method> <!-- validateCartTotal -->
        <test-method signature="validateChkBox(java.lang.String)[pri:4, instance:test.AppiumFramework.CartTest@1040be71]" started-at="2020-10-19T04:26:53 EDT" name="validateChkBox" finished-at="2020-10-19T04:26:54 EDT" duration-ms="585" status="PASS">
          <params>
            <param index="0">
              <value>
                <![CDATA[Send me e-mails on discounts related to selected products in future]]>
              </value>
            </param>
          </params>
          <reporter-output>
          </reporter-output>
        </test-method> <!-- validateChkBox -->
        <test-method signature="validateTC(java.lang.String, java.lang.String, java.lang.String, java.lang.String, java.lang.String, java.lang.String)[pri:5, instance:test.AppiumFramework.CartTest@1040be71]" started-at="2020-10-19T04:26:54 EDT" name="validateTC" finished-at="2020-10-19T04:26:57 EDT" duration-ms="3764" status="PASS">
          <params>
            <param index="0">
              <value>
                <![CDATA[Please read our terms of conditions]]>
              </value>
            </param>
            <param index="1">
              <value>
                <![CDATA[Terms Of Conditions]]>
              </value>
            </param>
            <param index="2">
              <value>
                <![CDATA[Lorem Ipsum is simply dummy text of the printing and typesetting industry.]]>
              </value>
            </param>
            <param index="3">
              <value>
                <![CDATA[ Lorem Ipsum has been the industry's standard dummy text ever since the 1500s,]]>
              </value>
            </param>
            <param index="4">
              <value>
                <![CDATA[ when an unknown printer took a galley of type and scrambled it to make a type specimen book.]]>
              </value>
            </param>
            <param index="5">
              <value>
                <![CDATA[CLOSE]]>
              </value>
            </param>
          </params>
          <reporter-output>
          </reporter-output>
        </test-method> <!-- validateTC -->
        <test-method signature="validatePurchaseBtn(java.lang.String)[pri:6, instance:test.AppiumFramework.CartTest@1040be71]" started-at="2020-10-19T04:26:57 EDT" name="validatePurchaseBtn" finished-at="2020-10-19T04:27:00 EDT" duration-ms="2603" status="PASS">
          <params>
            <param index="0">
              <value>
                <![CDATA[Visit to the website to complete purchase]]>
              </value>
            </param>
          </params>
          <reporter-output>
          </reporter-output>
        </test-method> <!-- validatePurchaseBtn -->
      </class> <!-- test.AppiumFramework.CartTest -->
    </test> <!-- Cart Page Test -->
    <test started-at="2020-10-19T04:27:00 EDT" name="Hybrid App Test" finished-at="2020-10-19T04:27:12 EDT" duration-ms="12419">
      <class name="test.AppiumFramework.HybridTest">
        <test-method signature="webView()[pri:1, instance:test.AppiumFramework.HybridTest@28dcca0c]" started-at="2020-10-19T04:27:00 EDT" name="webView" finished-at="2020-10-19T04:27:09 EDT" duration-ms="9051" status="PASS">
          <reporter-output>
          </reporter-output>
        </test-method> <!-- webView -->
        <test-method signature="nativeAppView()[pri:2, instance:test.AppiumFramework.HybridTest@28dcca0c]" started-at="2020-10-19T04:27:09 EDT" name="nativeAppView" finished-at="2020-10-19T04:27:12 EDT" duration-ms="3365" status="PASS">
          <reporter-output>
          </reporter-output>
        </test-method> <!-- nativeAppView -->
      </class> <!-- test.AppiumFramework.HybridTest -->
    </test> <!-- Hybrid App Test -->
    <test started-at="2020-10-19T04:27:13 EDT" name="Home Page Data-Driven Test" finished-at="2020-10-19T04:27:58 EDT" duration-ms="45490">
      <class name="test.AppiumFramework.CustLoginTest">
        <test-method is-config="true" signature="initMethod()[pri:0, instance:test.AppiumFramework.CustLoginTest@5965d37]" started-at="2020-10-19T04:27:13 EDT" name="initMethod" finished-at="2020-10-19T04:27:13 EDT" duration-ms="1" status="PASS">
          <reporter-output>
          </reporter-output>
        </test-method> <!-- initMethod -->
        <test-method signature="mySQL_Test(java.lang.String, java.lang.String, java.lang.String)[pri:0, instance:test.AppiumFramework.CustLoginTest@5965d37]" started-at="2020-10-19T04:27:13 EDT" name="mySQL_Test" data-provider="MySQL-provider" finished-at="2020-10-19T04:27:28 EDT" duration-ms="14637" status="PASS">
          <params>
            <param index="0">
              <value>
                <![CDATA[Antarctica]]>
              </value>
            </param>
            <param index="1">
              <value>
                <![CDATA[Fibreglass Bill]]>
              </value>
            </param>
            <param index="2">
              <value>
                <![CDATA[Male]]>
              </value>
            </param>
          </params>
          <reporter-output>
          </reporter-output>
        </test-method> <!-- mySQL_Test -->
        <test-method signature="mySQL_Test(java.lang.String, java.lang.String, java.lang.String)[pri:0, instance:test.AppiumFramework.CustLoginTest@5965d37]" started-at="2020-10-19T04:27:28 EDT" name="mySQL_Test" data-provider="MySQL-provider" finished-at="2020-10-19T04:27:48 EDT" duration-ms="20707" status="PASS">
          <params>
            <param index="0">
              <value>
                <![CDATA[Barbados]]>
              </value>
            </param>
            <param index="1">
              <value>
                <![CDATA[Jungle Yung]]>
              </value>
            </param>
            <param index="2">
              <value>
                <![CDATA[Female]]>
              </value>
            </param>
          </params>
          <reporter-output>
          </reporter-output>
        </test-method> <!-- mySQL_Test -->
        <test-method signature="mySQL_Test(java.lang.String, java.lang.String, java.lang.String)[pri:0, instance:test.AppiumFramework.CustLoginTest@5965d37]" started-at="2020-10-19T04:27:48 EDT" name="mySQL_Test" data-provider="MySQL-provider" finished-at="2020-10-19T04:27:58 EDT" duration-ms="9804" status="PASS">
          <params>
            <param index="0">
              <value>
                <![CDATA[Algeria]]>
              </value>
            </param>
            <param index="1">
              <value>
                <![CDATA[]]>
              </value>
            </param>
            <param index="2">
              <value>
                <![CDATA[Male]]>
              </value>
            </param>
          </params>
          <reporter-output>
          </reporter-output>
        </test-method> <!-- mySQL_Test -->
        <test-method is-config="true" signature="tearDown()[pri:0, instance:test.AppiumFramework.CustLoginTest@5965d37]" started-at="2020-10-19T04:27:58 EDT" name="tearDown" finished-at="2020-10-19T04:27:58 EDT" duration-ms="411" status="PASS">
          <reporter-output>
          </reporter-output>
        </test-method> <!-- tearDown -->
      </class> <!-- test.AppiumFramework.CustLoginTest -->
      <class name="test.AppiumFramework.HomeTest">
        <test-method is-config="true" signature="setUp()[pri:0, instance:test.AppiumFramework.HomeTest@7a35b0f5]" started-at="2020-10-19T04:26:09 EDT" name="setUp" finished-at="2020-10-19T04:26:31 EDT" duration-ms="22462" status="PASS">
          <reporter-output>
          </reporter-output>
        </test-method> <!-- setUp -->
      </class> <!-- test.AppiumFramework.HomeTest -->
    </test> <!-- Home Page Data-Driven Test -->
  </suite> <!-- Suite -->
</testng-results>
